<?xml version="1.0" encoding="UTF-8"?>
<testsuite name="com.ip.collections.test.RotateTest" tests="4" skipped="0" failures="0" errors="0" timestamp="2020-06-09T21:45:25" hostname="DESKTOP-QA2NH3N" time="0.003">
  <properties/>
  <testcase name="testRotateProducts" classname="com.ip.collections.test.RotateTest" time="0.001"/>
  <testcase name="testRotateProductsWithEmpty" classname="com.ip.collections.test.RotateTest" time="0.0"/>
  <testcase name="testRotateProductsWithNull" classname="com.ip.collections.test.RotateTest" time="0.0"/>
  <testcase name="testRotateProductsWithZeroDistance" classname="com.ip.collections.test.RotateTest" time="0.0"/>
  <system-out><![CDATA[]]></system-out>
  <system-err><![CDATA[]]></system-err>
</testsuite>
