<?xml version="1.0" encoding="UTF-8"?>
<testsuite name="com.ip.collections.test.SortProductsTest" tests="6" skipped="0" failures="0" errors="0" timestamp="2020-06-09T21:45:25" hostname="DESKTOP-QA2NH3N" time="0.007">
  <properties/>
  <testcase name="testSortedProductsByName" classname="com.ip.collections.test.SortProductsTest" time="0.0"/>
  <testcase name="testSortedProductsByNameWithEmpty" classname="com.ip.collections.test.SortProductsTest" time="0.0"/>
  <testcase name="testSortedProductsByNameWithNull" classname="com.ip.collections.test.SortProductsTest" time="0.0"/>
  <testcase name="testSortedProductsByWeight" classname="com.ip.collections.test.SortProductsTest" time="0.002"/>
  <testcase name="testSortedProductsByWeightWithEmpty" classname="com.ip.collections.test.SortProductsTest" time="0.0"/>
  <testcase name="testSortedProductsByWeightWithNull" classname="com.ip.collections.test.SortProductsTest" time="0.001"/>
  <system-out><![CDATA[]]></system-out>
  <system-err><![CDATA[]]></system-err>
</testsuite>
