<?xml version="1.0" encoding="UTF-8"?>
<testsuite name="com.ip.collections.test.ProductCalculationTest" tests="5" skipped="0" failures="0" errors="0" timestamp="2020-06-09T21:45:25" hostname="DESKTOP-QA2NH3N" time="0.022">
  <properties/>
  <testcase name="testProductByWeight" classname="com.ip.collections.test.ProductCalculationTest" time="0.014"/>
  <testcase name="testProductInfo" classname="com.ip.collections.test.ProductCalculationTest" time="0.0"/>
  <testcase name="testProductPresent" classname="com.ip.collections.test.ProductCalculationTest" time="0.0"/>
  <testcase name="testProductRemoveByWeight" classname="com.ip.collections.test.ProductCalculationTest" time="0.003"/>
  <testcase name="testProductSize" classname="com.ip.collections.test.ProductCalculationTest" time="0.001"/>
  <system-out><![CDATA[]]></system-out>
  <system-err><![CDATA[]]></system-err>
</testsuite>
